commit e7f24be7b6e6bcc4fb2a6165a581a912d70f0491
Author: marco <marco@linkingsoft.net>
Date:   Thu Jul 11 15:18:43 2013 +0800

    update bx07 kernel config

commit 4e4f462f55f2fda68c8f164d15bf8340f9a2b953
Author: marco <marco@linkingsoft.net>
Date:   Wed Jul 10 16:32:08 2013 +0800

    update bx05 led night

commit c17182d70a03123e3416f1e62fdef1c376a6281f
Author: marco <marco@linkingsoft.net>
Date:   Wed Jul 10 16:31:46 2013 +0800

    update tena 0x0202 remote

commit 849289dda714581a30196d57bc4c52dba98e7ac2
Author: marco <marco@linkingsoft.net>
Date:   Wed Jul 10 16:31:02 2013 +0800

    Static eth0 radom mac

commit 52280f76920888f5f9480f051cbece91c7d5058d
Author: marco <marco@linkingsoft.net>
Date:   Wed Jul 10 16:30:20 2013 +0800

    patch mic

commit 329bb6b7b41b5a89ff6a1b85a3c940416d0f5771
Author: marco <marco@linkingsoft.net>
Date:   Wed Jul 10 16:28:50 2013 +0800

    support fitouch

commit 3af84389ba68e2fc7d76d985e367381ce4e02073
Author: marco <marco@linkingsoft.net>
Date:   Wed Jul 10 16:27:14 2013 +0800

    add kconfig support bx05 bx07

commit 53f01f5887a51c97c1c3f2aedf099bacd52c9881
Author: marco <marco@linkingsoft.net>
Date:   Mon Jul 1 22:46:47 2013 +0800

    update sdcard

commit 0373ec5690ba219a5b494ffc522f7b65aba0a10c
Author: marco <marco@linkingsoft.net>
Date:   Mon Jul 1 22:46:14 2013 +0800

    update kernel configs

commit f3bce8306363f6eef05a6adfadd6b09a219abd46
Author: marco <marco@linkingsoft.net>
Date:   Thu Jun 27 15:24:29 2013 +0800

    modification support 8188eu use 8188eu.ko.

commit c7de9c5fcfaab761865e9b9e30aa26f5ec59e595
Author: marco <marco@linkingsoft.net>
Date:   Thu Jun 27 15:23:37 2013 +0800

    add bx07 kernel config

commit 65fbcdb2033c13cf7f60bc40059066aa8d20ff22
Author: marco <marco@linkingsoft.net>
Date:   Tue Jun 25 18:37:12 2013 +0800

    update dg08 bx05 kernel config.

commit 9f6e1f74e017248da705122b2d9e2ff77e2124bc
Author: marco <marco@linkingsoft.net>
Date:   Thu Jun 20 11:15:55 2013 +0800

    add encode. kernel modules

commit 9a5b74b2ec682f89b84e3e7228fd8bc57ee8583a
Author: marco <marco@linkingsoft.net>
Date:   Wed Jun 19 17:47:03 2013 +0800

    1.remove imt sc_ck235. 2.fix 8189es wifi module.

commit 3497223a3dd0ec154b1d35b8d069a8da649f96a8
Author: lwj <wj.liu@imtechnology.com.cn>
Date:   Thu Jan 31 17:18:02 2013 +0800

    the sdcard detect is differ between dg08 and medialink

commit fbb5be4fc7bf59f503abf5b1bec9f513c4ac7566
Author: shujun <shujun@imtechnology.com.cn>
Date:   Thu Jan 31 16:23:27 2013 +0800

    add defconfig for medialink

commit cbfc80f73fe5de3cfc1a84f7e20b90000909596f
Author: shujun <shujun@imtechnology.com.cn>
Date:   Thu Jan 31 15:52:05 2013 +0800

    build scripts

commit bc50a9b8fc8f92a843c4405746efc0dd7df4082a
Author: shujun <shujun@imtechnology.com.cn>
Date:   Thu Jan 31 15:11:27 2013 +0800

    add boad config for dg08 and medialink

commit 1fcaf5d9e6903e8cc292245daa8fc88e57e6eb98
Author: shujun <shujun@imtechnology.com.cn>
Date:   Wed Jan 30 19:18:44 2013 +0800

    add kernel source
